{"meta": {"version": "7.3.4", "timestamp": "2026-01-22T18:04:13.420590", "branch_coverage": false, "show_contexts": false}, "files": {"app/__init__.py": {"executed_lines": [0], "summary": {"covered_lines": 0, "num_statements": 0, "percent_covered": 100.0, "percent_covered_display": "100.00", "missing_lines": 0, "excluded_lines": 0}, "missing_lines": [], "excluded_lines": []}, "app/api/__init__.py": {"executed_lines": [0], "summary": {"covered_lines": 0, "num_statements": 0, "percent_covered": 100.0, "percent_covered_display": "100.00", "missing_lines": 0, "excluded_lines": 0}, "missing_lines": [], "excluded_lines": []}, "app/api/v1/__init__.py": {"executed_lines": [0], "summary": {"covered_lines": 0, "num_statements": 0, "percent_covered": 100.0, "percent_covered_display": "100.00", "missing_lines": 0, "excluded_lines": 0}, "missing_lines": [], "excluded_lines": []}, "app/api/v1/deps.py": {"executed_lines": [1, 8, 10, 11, 13, 14, 15, 16, 17, 18, 19, 21, 28, 34, 36, 39, 41, 48, 67, 68, 69, 70, 71, 78, 114, 117, 119, 125, 126, 127, 128, 130, 132, 133, 136, 138, 140, 141, 142, 144, 145, 146, 149, 151, 152, 154, 155, 156, 159, 161, 162, 164, 165, 167, 169, 170, 173, 174, 177, 180, 181, 182, 184, 186, 187, 188, 189, 192, 193, 194, 197, 198, 199, 201, 202, 203, 208, 211, 213, 214, 215, 216, 218, 219, 220, 223, 224, 225, 226, 229, 231, 232, 233, 234, 235, 236, 238, 239, 240, 241, 242, 245, 246, 247, 248, 250, 253, 321, 324, 325, 326, 328, 330, 331, 332, 335, 338, 339, 340, 342, 343, 345, 346, 349, 350, 351, 352, 357, 358, 359, 360, 361, 362, 363, 364, 365, 366, 367, 368, 369, 370, 371, 372, 373, 374, 375, 376, 377, 378, 379, 380, 381, 382, 383, 386, 387, 388, 389, 397, 400, 499, 538, 541, 542, 543, 544, 545, 548, 549, 550, 551, 552, 555, 556, 557, 558, 560, 563, 599, 606, 646, 657, 658, 660, 663, 731, 751, 752, 754, 761], "summary": {"covered_lines": 189, "num_statements": 273, "percent_covered": 69.23076923076923, "percent_covered_display": "69.23", "missing_lines": 84, "excluded_lines": 0}, "missing_lines": [30, 31, 204, 205, 353, 354, 391, 392, 393, 420, 423, 424, 425, 427, 429, 430, 431, 434, 437, 438, 439, 441, 442, 444, 445, 448, 449, 450, 451, 452, 453, 456, 457, 458, 459, 460, 461, 462, 463, 464, 465, 466, 467, 468, 469, 470, 471, 472, 473, 474, 475, 476, 477, 478, 479, 480, 481, 482, 485, 486, 487, 488, 490, 491, 492, 496, 572, 575, 576, 577, 578, 579, 580, 581, 582, 583, 584, 587, 588, 589, 590, 592, 603, 768], "excluded_lines": []}, "app/api/v1/endpoints/errors.py": {"executed_lines": [1, 8, 9, 10, 11, 13, 15, 18, 39], "summary": {"covered_lines": 8, "num_statements": 22, "percent_covered": 36.36363636363637, "percent_covered_display": "36.36", "missing_lines": 14, "excluded_lines": 0}, "missing_lines": [55, 57, 58, 65, 66, 73, 74, 81, 82, 89, 90, 97, 103, 104], "excluded_lines": []}, "app/api/v1/endpoints/experimental.py": {"executed_lines": [1, 8, 10, 11, 13, 22, 23, 24, 25, 26, 27, 33, 34, 35, 36, 38, 40, 48, 180, 191, 199, 202, 208, 209, 210, 211, 213, 214, 220, 221, 225, 228, 236, 237, 238, 239, 241, 246, 249, 259, 291, 294, 296, 297, 298, 299, 302, 308, 318, 445, 456, 464, 466, 468, 469, 470, 471, 473, 474, 480, 481, 484, 487, 490, 499, 500, 501, 545, 546, 547, 548, 552, 562, 600, 603, 605, 606, 608, 620, 626, 630, 632, 633, 638, 653, 655, 658, 664], "summary": {"covered_lines": 87, "num_statements": 116, "percent_covered": 75.0, "percent_covered_display": "75.00", "missing_lines": 29, "excluded_lines": 0}, "missing_lines": [265, 266, 269, 272, 282, 289, 293, 300, 502, 504, 513, 514, 516, 517, 522, 524, 535, 540, 549, 550, 568, 569, 573, 581, 591, 598, 602, 640, 656], "excluded_lines": []}, "app/api/v1/endpoints/files.py": {"executed_lines": [1, 8, 10, 11, 13, 22, 23, 24, 25, 26, 27, 33, 34, 35, 37, 39, 46, 159, 170, 178, 180, 185, 186, 187, 190, 197, 198, 201, 208, 209, 212, 220, 226, 227, 230, 233, 243, 250, 252, 255, 258, 260, 272, 278, 326, 379, 398, 399, 408, 421, 428, 430, 431, 434, 436, 442, 499, 571, 609, 619, 620, 636, 652, 654, 655, 658, 660, 669, 671, 674, 678, 679, 680, 683, 689, 698, 720, 729, 735, 737, 738, 741, 743, 748, 750, 751, 752, 755, 761], "summary": {"covered_lines": 88, "num_statements": 138, "percent_covered": 63.768115942028984, "percent_covered_display": "63.77", "missing_lines": 50, "excluded_lines": 0}, "missing_lines": [188, 191, 254, 257, 282, 284, 285, 290, 292, 305, 307, 308, 310, 316, 400, 405, 409, 415, 444, 446, 447, 448, 450, 451, 452, 453, 454, 455, 461, 465, 466, 467, 468, 469, 475, 479, 480, 481, 482, 484, 490, 622, 629, 638, 646, 673, 675, 677, 681, 753], "excluded_lines": []}, "app/api/v1/endpoints/info.py": {"executed_lines": [1, 7, 9, 10, 12, 13, 15, 19, 22, 23, 30, 31, 32, 40, 49, 50, 52, 58, 62, 64, 70], "summary": {"covered_lines": 20, "num_statements": 20, "percent_covered": 100.0, "percent_covered_display": "100.00", "missing_lines": 0, "excluded_lines": 0}, "missing_lines": [], "excluded_lines": []}, "app/api/v1/endpoints/metadata.py": {"executed_lines": [1, 8, 10, 11, 12, 14, 15, 17, 18, 19, 20, 22, 24, 28, 31, 33, 34, 35, 36, 38, 44, 48, 50, 56, 62, 64, 65, 67, 68, 74, 76, 82, 84, 87, 98, 104, 106, 109, 110, 114, 116, 119, 121, 127, 129, 130, 132, 135, 141, 150, 153, 159, 168, 171, 177, 186], "summary": {"covered_lines": 55, "num_statements": 55, "percent_covered": 100.0, "percent_covered_display": "100.00", "missing_lines": 0, "excluded_lines": 0}, "missing_lines": [], "excluded_lines": []}, "app/api/v1/endpoints/namespaces.py": {"executed_lines": [1, 8, 9, 11, 12, 14, 19, 20, 21, 30, 31, 33, 35, 42, 43, 45, 47, 48, 50, 57, 60, 77, 78, 79, 81, 82, 83, 84, 85, 86, 89, 92, 93, 96, 97, 98, 99, 100, 101, 102, 103, 104, 110, 111, 113, 114, 115, 116, 117, 118, 119, 121, 125, 126, 128, 136, 145, 155, 157, 159, 161, 172, 178, 196, 197, 198, 200, 201, 202, 203, 204, 205, 208, 211, 212, 215, 216, 217, 218, 228, 229, 230, 232, 233, 234, 235, 236, 237, 238, 240, 243, 244, 246, 254, 263, 273, 280, 287, 293, 300, 305, 307, 310, 312, 318, 320, 321, 323, 329, 339, 345, 361, 368, 370, 371, 376, 383, 386, 389, 390, 396, 397, 406, 408, 415, 417, 420, 422], "summary": {"covered_lines": 126, "num_statements": 144, "percent_covered": 87.5, "percent_covered_display": "87.50", "missing_lines": 18, "excluded_lines": 0}, "missing_lines": [106, 107, 122, 219, 220, 221, 222, 223, 225, 226, 419, 423, 424, 425, 426, 428, 429, 438], "excluded_lines": []}, "app/api/v1/endpoints/organizations.py": {"executed_lines": [1, 7, 9, 10, 11, 12, 14, 15, 17, 22, 23, 24, 25, 26, 28, 30, 34, 37, 38, 50, 51, 52, 55, 58, 66, 67, 68, 70, 71, 72, 73, 74, 75, 78, 81, 82, 99, 106, 107, 109, 112, 114, 122, 129, 131, 133, 139, 170, 171, 184, 185, 188, 191, 192, 193, 194, 195, 197, 198, 199, 202, 203, 207, 213, 219, 227, 228, 229, 231, 232, 233, 234, 235, 236, 239, 242, 243, 246, 247, 248, 249, 260, 267, 270, 273, 279, 287], "summary": {"covered_lines": 86, "num_statements": 111, "percent_covered": 77.47747747747748, "percent_covered_display": "77.48", "missing_lines": 25, "excluded_lines": 0}, "missing_lines": [85, 86, 87, 88, 89, 90, 91, 92, 93, 95, 96, 143, 145, 151, 155, 156, 158, 164, 250, 251, 252, 253, 254, 256, 257], "excluded_lines": []}, "app/api/v1/endpoints/root.py": {"executed_lines": [1, 7, 9, 10, 12, 13, 15, 19, 22, 23, 30, 31, 32, 35, 41, 43, 49, 53, 55, 61], "summary": {"covered_lines": 19, "num_statements": 19, "percent_covered": 100.0, "percent_covered_display": "100.00", "missing_lines": 0, "excluded_lines": 0}, "missing_lines": [], "excluded_lines": []}, "app/api/v1/endpoints/samples.py": {"executed_lines": [1, 8, 10, 11, 13, 22, 23, 24, 25, 26, 27, 34, 35, 36, 38, 40, 47, 170, 181, 189, 191, 197, 199, 200, 201, 204, 212, 213, 217, 220, 228, 229, 230, 275, 285, 291, 292, 294, 302, 306, 316, 318, 320, 327, 328, 333, 350, 356, 365, 372, 407, 427, 434, 436, 437, 440, 442, 448, 529, 610, 622, 626, 634, 636, 637, 640, 642, 651, 653, 657, 658, 659, 662, 668, 678, 695, 704, 710, 712, 713, 716, 718, 723, 725, 726, 727, 730, 736], "summary": {"covered_lines": 87, "num_statements": 134, "percent_covered": 64.92537313432835, "percent_covered_display": "64.93", "missing_lines": 47, "excluded_lines": 0}, "missing_lines": [202, 205, 231, 233, 242, 243, 245, 246, 251, 253, 264, 272, 322, 323, 335, 336, 337, 338, 344, 450, 452, 453, 456, 457, 461, 463, 471, 472, 474, 480, 487, 493, 495, 496, 497, 498, 501, 506, 508, 513, 519, 623, 624, 654, 656, 660, 728], "excluded_lines": []}, "app/api/v1/endpoints/subjects.py": {"executed_lines": [1, 8, 9, 11, 12, 14, 23, 24, 25, 26, 27, 28, 29, 36, 37, 38, 40, 42, 45, 55, 57, 60, 61, 63, 70, 156, 167, 175, 177, 182, 183, 184, 187, 195, 196, 205, 206, 207, 208, 209, 212, 243, 244, 245, 246, 247, 248, 255, 256, 259, 262, 265, 273, 274, 277, 287, 292, 293, 296, 299, 310, 316, 318, 321, 324, 326, 338, 344, 392, 427, 448, 454, 456, 457, 460, 462, 470, 538, 614, 631, 639, 642, 665, 668, 675, 678, 681, 682, 685, 690, 787, 789, 792, 794, 821, 824, 828, 829, 830, 831, 832, 833, 844, 852, 862, 868, 871, 872, 873, 875, 876, 883, 1026, 1047, 1060, 1065, 1067, 1071, 1072, 1073, 1075, 1083, 1093, 1094, 1095, 1096, 1097, 1098, 1101, 1102, 1105, 1107, 1112, 1114, 1116, 1126, 1132], "summary": {"covered_lines": 136, "num_statements": 240, "percent_covered": 56.666666666666664, "percent_covered_display": "56.67", "missing_lines": 104, "excluded_lines": 0}, "missing_lines": [185, 188, 197, 220, 231, 240, 320, 323, 348, 350, 351, 356, 358, 371, 373, 374, 376, 382, 472, 474, 485, 491, 495, 497, 498, 503, 505, 517, 519, 520, 522, 528, 644, 645, 647, 648, 650, 652, 658, 666, 669, 692, 696, 697, 700, 702, 703, 704, 705, 708, 709, 710, 713, 718, 719, 727, 728, 738, 741, 752, 759, 768, 778, 784, 802, 812, 818, 836, 892, 902, 908, 913, 921, 924, 935, 943, 946, 949, 952, 955, 962, 972, 978, 980, 989, 991, 993, 994, 996, 1009, 1019, 1074, 1076, 1090, 1136, 1138, 1139, 1144, 1146, 1157, 1159, 1160, 1162, 1168], "excluded_lines": []}, "app/api/v1/routes/__init__.py": {"executed_lines": [], "summary": {"covered_lines": 0, "num_statements": 0, "percent_covered": 100.0, "percent_covered_display": "100.00", "missing_lines": 0, "excluded_lines": 0}, "missing_lines": [], "excluded_lines": []}, "app/core/cache.py": {"executed_lines": [1, 8, 9, 10, 12, 15, 17, 18, 20, 23, 24, 26, 30, 52, 82, 100, 123, 142, 143, 146, 192, 202, 220, 221], "summary": {"covered_lines": 22, "num_statements": 95, "percent_covered": 23.157894736842106, "percent_covered_display": "23.16", "missing_lines": 73, "excluded_lines": 2}, "missing_lines": [28, 40, 41, 42, 43, 44, 46, 47, 48, 49, 50, 69, 70, 71, 72, 74, 76, 77, 78, 79, 80, 92, 93, 94, 95, 96, 97, 98, 110, 111, 112, 113, 114, 115, 117, 118, 119, 120, 121, 130, 131, 132, 133, 134, 135, 158, 159, 160, 162, 163, 164, 166, 167, 180, 181, 185, 186, 187, 188, 189, 196, 197, 198, 199, 211, 212, 214, 215, 217, 229, 231, 232, 235], "excluded_lines": [13, 14]}, "app/core/config.py": {"executed_lines": [1, 8, 9, 10, 11, 13, 14, 17, 20, 22, 23, 24, 32, 33, 34, 37, 38, 39, 40, 41, 44, 45, 48, 49, 50, 51, 52, 53, 56, 57, 59, 60, 61, 62, 63, 64, 65, 66, 67, 68, 71, 72, 73, 74, 75, 76, 77, 78, 79, 80, 81, 84, 85, 86, 87, 88, 89, 92, 93, 96, 100, 104, 107, 108, 111, 116, 117, 118, 119, 123, 129, 135, 136, 140, 141, 145, 149, 155, 159, 160, 164, 170, 171, 177, 178, 181, 187, 193, 197, 201, 207, 214, 217, 218, 219, 220, 221, 222, 223, 226, 227, 228, 229, 230, 233, 234, 237, 244, 261, 267, 268, 270, 276, 277, 279, 288, 289, 291, 304, 305, 307, 319, 320, 322, 330, 331, 335, 336, 337, 338, 342], "summary": {"covered_lines": 124, "num_statements": 128, "percent_covered": 96.875, "percent_covered_display": "96.88", "missing_lines": 4, "excluded_lines": 0}, "missing_lines": [25, 28, 339, 341], "excluded_lines": []}, "app/core/constants.py": {"executed_lines": [1, 8, 9, 10, 13, 14, 21, 22, 23, 24, 25, 26, 27, 28, 30, 31, 38, 40, 41, 51, 54, 55, 62, 63, 65, 66, 73, 75, 76, 86, 89, 90, 97, 98, 99, 100, 101, 103, 104, 111, 113, 114, 124, 127, 138, 140, 141, 142, 144, 145, 146, 147, 158, 161, 172, 174, 176, 179, 182, 186, 188, 191, 194, 201, 203, 213, 216, 217, 220], "summary": {"covered_lines": 65, "num_statements": 79, "percent_covered": 82.27848101265823, "percent_covered_display": "82.28", "missing_lines": 14, "excluded_lines": 0}, "missing_lines": [149, 150, 151, 152, 154, 177, 180, 231, 243, 244, 251, 253, 254, 264], "excluded_lines": []}, "app/core/field_mappings.py": {"executed_lines": [1, 8, 9, 10, 13, 15, 16, 18, 19, 20, 24, 27, 30, 31, 32, 35, 45, 48, 49, 50, 55, 94, 105, 108, 109, 113, 114, 117, 120, 121, 129, 132, 146, 149, 150, 154, 155, 158, 159, 161, 164, 179, 182, 183, 187, 188, 191, 192, 193, 197, 200, 203, 223, 259, 292, 334, 356, 380, 404, 441], "summary": {"covered_lines": 59, "num_statements": 170, "percent_covered": 34.705882352941174, "percent_covered_display": "34.71", "missing_lines": 111, "excluded_lines": 0}, "missing_lines": [52, 66, 67, 69, 70, 71, 74, 75, 76, 78, 81, 82, 83, 86, 87, 88, 91, 106, 110, 115, 122, 124, 125, 126, 147, 151, 156, 180, 184, 189, 198, 215, 216, 217, 219, 220, 238, 245, 248, 249, 252, 253, 254, 256, 272, 278, 281, 282, 285, 286, 287, 289, 306, 307, 308, 310, 311, 313, 314, 317, 318, 320, 321, 322, 325, 326, 329, 331, 346, 347, 348, 350, 351, 353, 366, 368, 369, 370, 371, 372, 373, 374, 375, 376, 377, 390, 392, 393, 394, 395, 396, 397, 398, 399, 400, 401, 417, 425, 428, 429, 430, 433, 434, 435, 436, 438, 451, 452, 453, 455, 456], "excluded_lines": []}, "app/core/logging.py": {"executed_lines": [1, 7, 8, 9, 11, 12, 14, 17, 19, 22, 29, 46, 49, 51, 52, 56], "summary": {"covered_lines": 15, "num_statements": 17, "percent_covered": 88.23529411764706, "percent_covered_display": "88.24", "missing_lines": 2, "excluded_lines": 0}, "missing_lines": [53, 58], "excluded_lines": []}, "app/core/pagination.py": {"executed_lines": [1, 8, 9, 11, 12, 14, 17, 18, 20, 21, 23, 36, 37, 39, 41, 42, 47, 48, 50, 51, 52, 53, 54, 55, 58, 74, 94, 95, 98, 99, 102, 104, 107, 108, 109, 113, 120, 121, 122, 126, 127, 135, 136, 137, 140, 146, 151, 154, 171, 174, 176, 177, 180, 181, 183, 184, 186, 187, 189], "summary": {"covered_lines": 56, "num_statements": 76, "percent_covered": 73.6842105263158, "percent_covered_display": "73.68", "missing_lines": 20, "excluded_lines": 0}, "missing_lines": [25, 27, 28, 30, 31, 33, 34, 44, 62, 64, 128, 130, 133, 141, 142, 143, 147, 148, 149, 175], "excluded_lines": []}, "app/db/memgraph.py": {"executed_lines": [1, 8, 9, 10, 12, 13, 15, 16, 18, 20, 23, 24, 25, 28, 38, 39, 42, 43, 46, 53, 54, 57, 60, 63, 64, 66, 71, 111, 118, 132, 196, 296, 344, 366, 369, 390, 399, 465, 466], "summary": {"covered_lines": 36, "num_statements": 229, "percent_covered": 15.720524017467248, "percent_covered_display": "15.72", "missing_lines": 193, "excluded_lines": 0}, "missing_lines": [58, 68, 69, 73, 75, 76, 77, 85, 90, 97, 99, 105, 106, 108, 109, 113, 114, 115, 116, 120, 121, 123, 124, 125, 126, 127, 128, 129, 130, 142, 143, 145, 146, 147, 149, 150, 151, 152, 153, 154, 158, 159, 160, 161, 163, 166, 168, 169, 170, 171, 179, 180, 181, 182, 183, 184, 185, 186, 187, 189, 190, 191, 193, 194, 216, 218, 219, 220, 222, 225, 226, 227, 228, 230, 233, 234, 236, 238, 239, 240, 241, 242, 244, 245, 246, 255, 256, 257, 258, 259, 260, 261, 262, 263, 265, 272, 273, 274, 275, 276, 277, 278, 279, 280, 281, 282, 283, 284, 285, 286, 287, 294, 311, 312, 313, 314, 315, 316, 317, 318, 319, 320, 321, 326, 327, 328, 334, 335, 336, 337, 338, 342, 359, 360, 361, 362, 373, 374, 375, 376, 377, 379, 385, 387, 394, 395, 396, 405, 406, 408, 409, 410, 411, 412, 413, 414, 416, 418, 419, 420, 421, 422, 423, 424, 425, 426, 435, 436, 437, 438, 439, 440, 441, 442, 443, 446, 447, 448, 449, 450, 451, 452, 458, 459, 460, 462, 474, 475, 476, 478, 484, 485, 488], "excluded_lines": []}, "app/lib/field_allowlist.py": {"executed_lines": [1, 8, 9, 11, 13, 16, 17, 18, 19, 20, 24, 61, 77, 78, 80, 82, 83, 88, 90, 101, 103, 115, 116, 118, 120, 132, 133, 134, 137, 139, 149, 151, 161, 162, 164, 166, 174, 177, 178, 180, 188, 191, 192, 194, 205, 206, 207, 209, 210, 212, 223, 224, 228, 239, 240, 246, 249, 253, 254, 256, 258], "summary": {"covered_lines": 58, "num_statements": 60, "percent_covered": 96.66666666666667, "percent_covered_display": "96.67", "missing_lines": 2, "excluded_lines": 0}, "missing_lines": [175, 189], "excluded_lines": []}, "app/lib/url_builder.py": {"executed_lines": [1, 8, 11, 44, 47, 49], "summary": {"covered_lines": 5, "num_statements": 5, "percent_covered": 100.0, "percent_covered_display": "100.00", "missing_lines": 0, "excluded_lines": 0}, "missing_lines": [], "excluded_lines": []}, "app/main.py": {"executed_lines": [1, 8, 9, 11, 12, 13, 14, 15, 16, 17, 18, 20, 21, 22, 23, 24, 25, 26, 27, 28, 29, 30, 31, 32, 33, 34, 37, 38, 41, 42, 61, 63, 66, 119, 189, 193, 227, 228, 233, 236, 239, 242, 245, 247, 248, 251, 316, 320, 321, 328, 331, 332, 335, 339, 342, 343, 346, 349, 352, 355, 358, 361, 362, 365, 367, 370, 373, 374, 466, 467, 486, 487, 507, 508, 585, 586, 719, 720, 740, 743, 746, 747, 751, 752, 756, 757, 766, 769, 778, 779, 780, 782, 783, 846, 847, 881, 882, 966, 967, 968, 969, 973, 976], "summary": {"covered_lines": 101, "num_statements": 339, "percent_covered": 29.793510324483776, "percent_covered_display": "29.79", "missing_lines": 238, "excluded_lines": 4}, "missing_lines": [47, 49, 52, 54, 55, 56, 58, 120, 121, 122, 123, 130, 131, 135, 136, 137, 139, 140, 141, 142, 143, 145, 146, 147, 148, 149, 151, 152, 153, 155, 156, 157, 158, 159, 160, 161, 162, 163, 164, 167, 168, 170, 172, 174, 175, 186, 187, 196, 199, 200, 203, 212, 213, 214, 215, 216, 217, 218, 219, 221, 222, 224, 230, 264, 265, 266, 267, 268, 269, 270, 271, 272, 276, 277, 278, 279, 280, 281, 282, 286, 287, 288, 289, 290, 291, 292, 293, 294, 298, 299, 300, 301, 302, 303, 304, 307, 309, 310, 311, 313, 377, 385, 386, 388, 389, 390, 392, 393, 396, 397, 399, 402, 403, 407, 408, 409, 410, 411, 412, 416, 417, 419, 424, 427, 428, 435, 443, 449, 455, 461, 469, 475, 481, 490, 491, 498, 500, 502, 511, 512, 518, 519, 521, 524, 526, 534, 541, 547, 549, 555, 561, 562, 568, 574, 580, 589, 590, 596, 597, 599, 602, 604, 612, 619, 625, 627, 628, 631, 633, 640, 646, 652, 653, 654, 656, 657, 658, 659, 661, 662, 664, 671, 677, 683, 689, 695, 696, 702, 708, 714, 722, 729, 735, 749, 754, 760, 761, 799, 800, 801, 807, 809, 810, 812, 815, 818, 819, 822, 827, 832, 833, 834, 835, 839, 840, 841, 863, 864, 865, 866, 867, 868, 869, 873, 874, 875, 889, 890, 892, 893, 895, 896, 898, 902, 958, 959, 960, 961], "excluded_lines": [976, 977, 979, 982]}, "app/models/dto.py": {"executed_lines": [1, 8, 9, 10, 12, 19, 20, 21, 22, 25, 26, 27, 30, 31, 32, 34, 41, 42, 43, 44, 45, 48, 49, 50, 51, 52, 53, 56, 57, 58, 59, 62, 63, 64, 65, 66, 67, 70, 71, 72, 73, 74, 75, 78, 79, 80, 83, 84, 85, 86, 87, 88, 89, 90, 93, 100, 101, 102, 103, 104, 105, 108, 109, 110, 111, 112, 113, 116, 117, 118, 119, 122, 123, 124, 125, 126, 129, 130, 131, 132, 135, 136, 137, 138, 139, 142, 145, 146, 147, 148, 149, 152, 153, 154, 155, 156, 159, 160, 161, 162, 163, 164, 167, 168, 169, 170, 171, 172, 175, 176, 177, 178, 181, 182, 183, 184, 187, 188, 189, 190, 193, 203, 204, 205, 206, 209, 210, 211, 212, 215, 218, 219, 220, 222, 223, 224, 225, 226, 233, 234, 235, 236, 239, 240, 241, 251, 252, 253, 256, 257, 258, 259, 262, 263, 264, 265, 266, 267, 268, 269, 270, 271, 277, 278, 279, 280, 283, 284, 285, 286, 289, 290, 291, 293, 294, 295, 298, 299, 300, 301, 302, 303, 305, 306, 307, 308, 311, 312, 313, 314, 315, 316, 317, 318, 319, 320, 321, 322, 323, 324, 325, 326, 327, 328, 329, 336, 337, 338, 339, 342, 343, 344, 347, 348, 349, 350, 351, 352, 353, 367, 368, 369, 370, 372, 373, 374, 375, 377, 378, 379, 380, 382, 383, 384, 385, 386, 388, 389, 390, 391, 392, 393, 394, 395, 400, 401, 402, 404, 405, 406, 409, 410, 411, 412, 419, 421, 423, 425, 428, 429, 430, 432, 433, 434, 435, 442, 444, 445, 446, 449, 450, 451, 454, 458, 459, 460, 461, 462, 465, 466, 467, 469, 470, 471, 472, 474, 481, 482, 483, 484, 485, 486, 493, 494, 496, 500, 501, 502, 503, 506, 507, 508, 509, 510, 513, 514, 515, 517, 518, 519, 522, 523, 524, 526, 528, 535, 536, 537, 539, 543, 554, 561, 562, 563, 565, 567, 572, 579, 580, 581, 584, 585, 587, 597, 598, 599, 605, 609, 615, 617, 624, 625, 626, 629, 632, 636, 642, 644, 651, 652, 653, 656, 657, 658, 661, 662, 663, 666, 667, 668, 674, 675, 676, 677, 680, 681, 682, 685, 686, 687, 690, 691, 692, 695, 696, 697, 700, 701, 702, 703, 704, 705, 708, 709, 710], "summary": {"covered_lines": 310, "num_statements": 325, "percent_covered": 95.38461538461539, "percent_covered_display": "95.38", "missing_lines": 15, "excluded_lines": 0}, "missing_lines": [422, 424, 455, 556, 557, 558, 574, 575, 576, 619, 620, 621, 646, 647, 648], "excluded_lines": []}, "app/models/errors.py": {"executed_lines": [1, 8, 10, 11, 14, 15, 16, 17, 18, 19, 20, 21, 24, 25, 35, 37, 38, 40, 41, 43, 45, 47, 48, 51, 52, 53, 55, 58, 59, 61, 74, 75, 76, 77, 78, 79, 80, 81, 82, 83, 85, 103, 105, 116, 118, 124, 125, 127, 144, 156, 157, 159, 168, 170, 173, 184, 185, 187, 192, 200, 201, 203, 227, 242, 243, 245, 252, 253, 254, 255, 256, 265, 266, 268, 286, 287, 289, 304, 306, 307, 308, 309, 310, 312, 313, 315, 322, 327, 344, 349], "summary": {"covered_lines": 78, "num_statements": 116, "percent_covered": 67.24137931034483, "percent_covered_display": "67.24", "missing_lines": 38, "excluded_lines": 0}, "missing_lines": [87, 88, 89, 90, 91, 92, 93, 94, 95, 96, 97, 98, 99, 101, 134, 135, 136, 147, 169, 171, 211, 212, 213, 214, 217, 219, 230, 275, 276, 277, 293, 294, 295, 324, 339, 341, 346, 363], "excluded_lines": []}, "app/repositories/file.py": {"executed_lines": [1, 8, 9, 10, 12, 13, 14, 15, 16, 18, 21, 22, 24, 26, 27, 29, 49, 57, 58, 59, 64, 65, 66, 67, 68, 70, 72, 73, 79, 80, 81, 92, 93, 94, 96, 106, 107, 108, 109, 115, 152, 153, 156, 174, 177, 181, 182, 183, 184, 185, 186, 187, 188, 194, 195, 200, 201, 203, 204, 205, 207, 210, 211, 214, 221, 252, 256, 277, 281, 282, 284, 304, 320, 327, 328, 329, 331, 332, 333, 334, 335, 339, 342, 343, 346, 347, 348, 349, 360, 361, 367, 373, 375, 449, 812, 991, 1253, 1278, 1304], "summary": {"covered_lines": 97, "num_statements": 537, "percent_covered": 18.063314711359403, "percent_covered_display": "18.06", "missing_lines": 440, "excluded_lines": 0}, "missing_lines": [74, 75, 83, 85, 86, 87, 98, 103, 117, 120, 122, 123, 125, 126, 128, 129, 130, 132, 133, 136, 137, 139, 140, 141, 143, 145, 146, 148, 149, 157, 158, 159, 161, 162, 165, 166, 190, 191, 225, 226, 228, 336, 350, 351, 352, 353, 354, 356, 357, 362, 363, 364, 365, 392, 404, 418, 423, 430, 431, 432, 433, 435, 436, 437, 439, 440, 441, 442, 443, 445, 447, 467, 474, 475, 477, 482, 485, 486, 489, 492, 497, 498, 499, 500, 502, 503, 505, 507, 512, 518, 519, 520, 523, 526, 528, 530, 532, 533, 535, 536, 538, 539, 540, 542, 543, 545, 546, 548, 549, 552, 553, 559, 560, 561, 562, 563, 566, 567, 569, 570, 573, 574, 582, 590, 592, 598, 611, 612, 615, 618, 619, 621, 634, 635, 637, 638, 639, 641, 657, 668, 670, 673, 675, 686, 687, 688, 689, 691, 703, 711, 712, 713, 714, 715, 717, 718, 720, 721, 722, 723, 724, 725, 728, 729, 730, 731, 732, 733, 736, 737, 738, 739, 740, 743, 744, 747, 748, 749, 750, 751, 752, 753, 754, 755, 757, 758, 762, 764, 765, 767, 768, 769, 772, 774, 776, 779, 782, 788, 791, 792, 793, 798, 806, 825, 828, 829, 830, 833, 835, 837, 839, 840, 842, 843, 845, 846, 847, 849, 850, 852, 853, 855, 856, 859, 863, 865, 868, 880, 881, 882, 884, 896, 912, 922, 932, 944, 951, 952, 953, 954, 955, 958, 959, 960, 961, 962, 965, 966, 967, 968, 971, 972, 973, 978, 985, 1004, 1007, 1008, 1009, 1014, 1015, 1016, 1017, 1019, 1021, 1022, 1023, 1024, 1028, 1029, 1030, 1032, 1034, 1035, 1036, 1041, 1042, 1043, 1045, 1047, 1052, 1054, 1055, 1056, 1057, 1063, 1065, 1068, 1070, 1071, 1073, 1074, 1076, 1077, 1078, 1080, 1081, 1084, 1085, 1087, 1088, 1089, 1091, 1093, 1094, 1096, 1097, 1100, 1101, 1104, 1105, 1106, 1107, 1109, 1110, 1113, 1114, 1120, 1121, 1123, 1124, 1125, 1127, 1131, 1132, 1133, 1134, 1135, 1136, 1137, 1139, 1140, 1143, 1144, 1147, 1150, 1153, 1154, 1156, 1166, 1169, 1178, 1182, 1183, 1185, 1197, 1203, 1210, 1211, 1212, 1214, 1215, 1216, 1217, 1218, 1219, 1222, 1225, 1226, 1229, 1230, 1231, 1232, 1234, 1235, 1236, 1237, 1238, 1239, 1241, 1242, 1244, 1245, 1246, 1248, 1249, 1251, 1264, 1266, 1267, 1269, 1271, 1276, 1288, 1289, 1291, 1292, 1293, 1296, 1297, 1298, 1299, 1302, 1317, 1319, 1320, 1321, 1322, 1323, 1324, 1325, 1326, 1327, 1328, 1329, 1331, 1333, 1334, 1337, 1338, 1341, 1350, 1351, 1352, 1353, 1354, 1355, 1356, 1366, 1368, 1369, 1370, 1373, 1375, 1376, 1377, 1384, 1385, 1386, 1387, 1388, 1391, 1392, 1395, 1396, 1397, 1398, 1400, 1410, 1416], "excluded_lines": []}, "app/repositories/sample.py": {"executed_lines": [1, 8, 9, 10, 12, 13, 14, 15, 16, 17, 18, 20, 23, 24, 26, 27, 38, 40, 41, 42, 44, 45, 110, 111, 135, 136, 182, 210, 231, 242, 243, 244, 246, 257, 258, 260, 264, 286, 293, 294, 295, 296, 298, 300, 303, 304, 322, 323, 330, 333, 334, 335, 340, 341, 342, 380, 381, 384, 387, 388, 389, 390, 391, 404, 405, 406, 409, 425, 436, 472, 491, 495, 502, 503, 509, 510, 587, 597, 601, 602, 603, 604, 605, 606, 607, 608, 609, 611, 612, 639, 648, 651, 654, 657, 660, 663, 671, 674, 677, 681, 686, 701, 702, 705, 713, 714, 730, 742, 749, 756, 761, 784, 789, 790, 796, 800, 803, 805, 811, 812, 816, 820, 821, 828, 832, 834, 838, 840, 844, 849, 850, 851, 921, 923, 925, 926, 928, 931, 935, 938, 940, 954, 957, 959, 1020, 1047, 1053, 1055, 1056, 1057, 1060, 1067, 1068, 1071, 1093, 1094, 1163, 1179, 1184, 1192, 1247, 1249, 1255, 1259, 1260, 1268, 1281, 1283, 1288, 1300, 1316, 1327, 1328, 1330, 1332, 1345, 1346, 1347, 1349, 1350, 1351, 1352, 1353, 1357, 1360, 1361, 1364, 1365, 1366, 1367, 1377, 1378, 1508, 1509, 1510, 1565, 1573, 1581, 1582, 1584, 1586, 1744, 1837, 3751, 4047, 4930, 4955, 5053], "summary": {"covered_lines": 206, "num_statements": 2073, "percent_covered": 9.937288953207911, "percent_covered_display": "9.94", "missing_lines": 1867, "excluded_lines": 0}, "missing_lines": [33, 35, 68, 69, 71, 73, 74, 76, 82, 85, 86, 89, 91, 96, 99, 100, 103, 105, 106, 108, 125, 126, 127, 128, 129, 130, 131, 132, 133, 160, 163, 164, 167, 168, 170, 172, 173, 176, 177, 178, 180, 192, 193, 195, 196, 197, 200, 201, 202, 205, 206, 208, 247, 251, 297, 305, 307, 308, 309, 310, 311, 312, 314, 315, 316, 317, 318, 319, 320, 325, 326, 327, 343, 344, 346, 347, 348, 349, 351, 352, 353, 354, 358, 360, 363, 366, 392, 395, 396, 397, 398, 399, 413, 415, 416, 417, 418, 419, 422, 424, 427, 429, 433, 434, 435, 438, 440, 443, 444, 447, 448, 449, 450, 451, 453, 454, 457, 458, 461, 462, 463, 464, 466, 467, 468, 469, 470, 471, 475, 477, 482, 483, 486, 488, 490, 498, 505, 506, 507, 511, 516, 517, 518, 519, 521, 523, 524, 526, 528, 531, 532, 533, 534, 535, 536, 537, 539, 540, 541, 542, 543, 544, 546, 547, 548, 549, 550, 554, 555, 556, 557, 558, 559, 560, 563, 565, 566, 567, 569, 572, 579, 582, 583, 585, 591, 593, 594, 598, 613, 615, 616, 620, 621, 622, 623, 624, 630, 633, 642, 650, 653, 656, 659, 662, 665, 667, 670, 673, 676, 679, 690, 698, 703, 716, 717, 719, 721, 723, 724, 731, 733, 734, 735, 737, 743, 757, 763, 764, 765, 766, 767, 768, 770, 772, 774, 775, 777, 778, 781, 782, 783, 791, 793, 797, 806, 807, 853, 856, 857, 858, 859, 860, 862, 864, 867, 868, 870, 872, 875, 876, 878, 879, 881, 882, 884, 887, 890, 891, 893, 896, 899, 900, 902, 905, 908, 910, 911, 912, 913, 914, 917, 918, 929, 958, 960, 962, 974, 976, 979, 984, 985, 991, 1002, 1006, 1007, 1012, 1014, 1022, 1034, 1036, 1039, 1041, 1061, 1070, 1072, 1075, 1076, 1079, 1083, 1084, 1086, 1088, 1095, 1098, 1099, 1100, 1101, 1102, 1104, 1106, 1109, 1110, 1112, 1114, 1117, 1118, 1120, 1121, 1123, 1126, 1127, 1129, 1132, 1135, 1136, 1138, 1141, 1142, 1144, 1147, 1150, 1151, 1153, 1156, 1157, 1159, 1161, 1162, 1167, 1170, 1171, 1173, 1174, 1177, 1178, 1181, 1185, 1194, 1195, 1197, 1199, 1200, 1208, 1209, 1211, 1216, 1219, 1220, 1221, 1223, 1226, 1228, 1231, 1232, 1235, 1236, 1237, 1239, 1241, 1244, 1267, 1271, 1273, 1274, 1275, 1277, 1279, 1280, 1285, 1289, 1318, 1319, 1354, 1368, 1369, 1370, 1371, 1372, 1375, 1384, 1385, 1386, 1395, 1396, 1398, 1399, 1402, 1407, 1408, 1410, 1414, 1416, 1418, 1420, 1421, 1422, 1423, 1424, 1426, 1429, 1430, 1435, 1437, 1438, 1439, 1441, 1442, 1445, 1447, 1449, 1462, 1463, 1464, 1466, 1474, 1475, 1476, 1477, 1479, 1480, 1487, 1488, 1495, 1498, 1505, 1511, 1513, 1514, 1515, 1516, 1517, 1518, 1522, 1524, 1525, 1526, 1527, 1529, 1530, 1531, 1533, 1534, 1535, 1536, 1539, 1541, 1542, 1543, 1544, 1545, 1547, 1549, 1550, 1551, 1552, 1553, 1563, 1566, 1603, 1604, 1605, 1608, 1609, 1610, 1612, 1614, 1615, 1616, 1617, 1618, 1619, 1621, 1623, 1624, 1625, 1627, 1628, 1630, 1631, 1632, 1633, 1634, 1636, 1637, 1639, 1641, 1642, 1643, 1644, 1645, 1646, 1648, 1650, 1651, 1652, 1653, 1654, 1656, 1657, 1659, 1660, 1663, 1673, 1694, 1701, 1702, 1703, 1704, 1705, 1706, 1708, 1714, 1715, 1716, 1717, 1718, 1719, 1720, 1721, 1722, 1725, 1726, 1727, 1728, 1729, 1730, 1732, 1733, 1734, 1735, 1736, 1738, 1740, 1741, 1742, 1762, 1773, 1789, 1794, 1801, 1802, 1803, 1804, 1806, 1807, 1808, 1811, 1813, 1814, 1815, 1816, 1817, 1818, 1821, 1822, 1823, 1824, 1825, 1826, 1829, 1831, 1833, 1835, 1855, 1862, 1863, 1867, 1873, 1874, 1875, 1887, 1897, 1916, 1917, 1921, 1923, 1924, 1925, 1926, 1927, 1930, 1933, 1934, 1935, 1938, 1939, 1940, 1941, 1942, 1943, 1944, 1946, 1948, 1949, 1950, 1951, 1952, 1956, 1957, 1958, 1960, 1961, 1962, 1963, 1965, 1966, 1967, 1968, 1969, 1970, 1972, 1976, 1977, 1978, 1979, 1981, 1982, 1983, 1984, 1985, 1986, 1987, 1988, 1989, 1991, 1992, 1994, 1995, 1996, 1997, 2000, 2001, 2002, 2008, 2011, 2012, 2013, 2014, 2015, 2017, 2019, 2021, 2022, 2023, 2024, 2025, 2031, 2032, 2033, 2034, 2039, 2046, 2047, 2053, 2054, 2062, 2063, 2064, 2068, 2070, 2071, 2073, 2074, 2077, 2080, 2084, 2085, 2086, 2087, 2094, 2102, 2105, 2106, 2107, 2109, 2110, 2111, 2113, 2114, 2115, 2116, 2118, 2122, 2147, 2171, 2196, 2220, 2224, 2225, 2228, 2233, 2234, 2237, 2238, 2240, 2243, 2244, 2247, 2248, 2249, 2250, 2251, 2252, 2253, 2254, 2257, 2258, 2263, 2265, 2266, 2267, 2270, 2273, 2275, 2278, 2281, 2283, 2284, 2285, 2286, 2287, 2288, 2290, 2291, 2293, 2295, 2301, 2318, 2319, 2321, 2324, 2326, 2327, 2329, 2335, 2336, 2337, 2378, 2379, 2382, 2387, 2389, 2390, 2393, 2394, 2395, 2396, 2402, 2406, 2410, 2457, 2491, 2494, 2503, 2504, 2542, 2560, 2561, 2577, 2578, 2587, 2588, 2626, 2627, 2637, 2638, 2650, 2658, 2673, 2674, 2694, 2713, 2722, 2723, 2724, 2725, 2727, 2728, 2729, 2730, 2731, 2732, 2733, 2735, 2736, 2737, 2738, 2739, 2740, 2741, 2742, 2751, 2754, 2763, 2766, 2767, 2768, 2769, 2770, 2771, 2780, 2782, 2791, 2798, 2799, 2800, 2801, 2803, 2804, 2805, 2813, 2814, 2815, 2817, 2818, 2822, 2823, 2825, 2829, 2830, 2834, 2835, 2837, 2843, 2844, 2845, 2846, 2847, 2848, 2850, 2852, 2853, 2858, 2865, 2869, 2870, 2871, 2872, 2873, 2874, 2875, 2876, 2879, 2880, 2881, 2884, 2885, 2886, 2887, 2888, 2889, 2892, 2894, 2907, 2908, 2909, 2910, 2911, 2912, 2913, 2914, 2915, 2916, 2926, 2930, 2931, 2932, 2934, 2935, 2937, 2941, 2944, 2945, 2947, 2948, 2950, 2951, 2954, 2958, 2959, 2961, 2969, 2970, 2971, 2972, 2973, 2974, 2976, 2978, 2979, 2985, 2987, 2988, 2990, 2993, 3001, 3016, 3019, 3029, 3040, 3052, 3065, 3068, 3069, 3070, 3071, 3072, 3075, 3076, 3077, 3078, 3080, 3081, 3082, 3083, 3084, 3085, 3086, 3087, 3088, 3090, 3091, 3092, 3093, 3094, 3095, 3096, 3097, 3098, 3099, 3107, 3109, 3117, 3120, 3121, 3122, 3123, 3124, 3129, 3134, 3140, 3144, 3152, 3157, 3158, 3162, 3170, 3171, 3172, 3173, 3174, 3175, 3176, 3177, 3178, 3180, 3184, 3185, 3187, 3188, 3190, 3194, 3197, 3200, 3201, 3202, 3203, 3204, 3205, 3207, 3218, 3224, 3232, 3234, 3235, 3238, 3239, 3240, 3241, 3242, 3243, 3244, 3245, 3246, 3248, 3260, 3269, 3272, 3273, 3274, 3275, 3277, 3287, 3295, 3308, 3310, 3311, 3312, 3315, 3316, 3317, 3318, 3319, 3320, 3321, 3322, 3324, 3326, 3327, 3328, 3329, 3330, 3331, 3335, 3337, 3338, 3339, 3341, 3342, 3343, 3346, 3350, 3356, 3357, 3358, 3359, 3360, 3361, 3363, 3366, 3367, 3384, 3388, 3391, 3394, 3395, 3396, 3397, 3398, 3399, 3400, 3401, 3402, 3403, 3406, 3407, 3409, 3416, 3421, 3422, 3433, 3435, 3437, 3446, 3447, 3458, 3460, 3462, 3473, 3474, 3485, 3494, 3495, 3512, 3516, 3517, 3527, 3530, 3532, 3542, 3561, 3562, 3563, 3564, 3565, 3566, 3567, 3568, 3569, 3570, 3571, 3572, 3573, 3577, 3580, 3581, 3583, 3599, 3600, 3601, 3606, 3607, 3610, 3611, 3612, 3613, 3614, 3615, 3616, 3618, 3619, 3621, 3622, 3624, 3627, 3628, 3629, 3631, 3633, 3642, 3644, 3645, 3647, 3661, 3662, 3663, 3664, 3665, 3666, 3669, 3670, 3671, 3672, 3673, 3674, 3686, 3687, 3688, 3690, 3691, 3694, 3705, 3719, 3720, 3721, 3732, 3741, 3767, 3770, 3771, 3772, 3775, 3776, 3777, 3778, 3779, 3780, 3781, 3782, 3784, 3787, 3788, 3791, 3792, 3793, 3794, 3795, 3797, 3798, 3799, 3801, 3802, 3805, 3809, 3810, 3817, 3833, 3834, 3861, 3899, 3900, 3929, 3961, 3968, 3969, 3970, 3971, 3972, 3974, 3975, 3976, 3977, 3978, 3979, 3980, 3981, 3983, 3984, 3985, 3986, 3987, 3988, 3990, 3991, 3992, 3993, 3994, 3997, 3998, 4001, 4002, 4003, 4004, 4005, 4006, 4007, 4008, 4009, 4011, 4012, 4015, 4016, 4017, 4019, 4020, 4025, 4026, 4032, 4034, 4041, 4060, 4063, 4064, 4065, 4067, 4068, 4069, 4073, 4075, 4078, 4085, 4086, 4087, 4088, 4089, 4091, 4093, 4100, 4101, 4102, 4105, 4110, 4111, 4112, 4113, 4114, 4116, 4117, 4118, 4119, 4121, 4122, 4123, 4124, 4128, 4130, 4133, 4136, 4146, 4149, 4150, 4151, 4154, 4155, 4156, 4157, 4161, 4162, 4163, 4166, 4170, 4171, 4172, 4174, 4176, 4180, 4181, 4182, 4183, 4185, 4187, 4192, 4193, 4195, 4196, 4199, 4201, 4202, 4203, 4204, 4205, 4206, 4209, 4211, 4216, 4217, 4220, 4222, 4224, 4225, 4229, 4232, 4236, 4237, 4239, 4240, 4241, 4243, 4244, 4245, 4250, 4251, 4252, 4253, 4255, 4257, 4258, 4260, 4262, 4265, 4266, 4267, 4268, 4269, 4270, 4271, 4273, 4274, 4275, 4276, 4277, 4278, 4280, 4281, 4282, 4283, 4284, 4288, 4289, 4290, 4291, 4292, 4293, 4294, 4297, 4299, 4300, 4301, 4303, 4306, 4313, 4316, 4317, 4319, 4321, 4325, 4327, 4328, 4331, 4332, 4335, 4336, 4337, 4338, 4339, 4340, 4341, 4342, 4343, 4345, 4346, 4347, 4349, 4350, 4353, 4354, 4355, 4356, 4357, 4363, 4366, 4372, 4374, 4380, 4382, 4383, 4385, 4386, 4388, 4389, 4391, 4392, 4394, 4395, 4397, 4399, 4402, 4403, 4405, 4406, 4408, 4409, 4411, 4413, 4418, 4422, 4430, 4434, 4441, 4442, 4446, 4448, 4449, 4450, 4451, 4452, 4453, 4455, 4457, 4459, 4460, 4462, 4463, 4466, 4467, 4468, 4471, 4474, 4478, 4480, 4482, 4486, 4487, 4489, 4490, 4491, 4493, 4494, 4495, 4498, 4502, 4506, 4510, 4514, 4519, 4521, 4522, 4523, 4524, 4525, 4526, 4527, 4528, 4532, 4535, 4536, 4537, 4538, 4541, 4542, 4543, 4545, 4546, 4547, 4549, 4553, 4554, 4555, 4557, 4560, 4562, 4563, 4564, 4567, 4568, 4572, 4573, 4575, 4576, 4577, 4580, 4581, 4584, 4589, 4602, 4603, 4604, 4605, 4607, 4608, 4611, 4614, 4617, 4618, 4619, 4620, 4621, 4623, 4625, 4628, 4629, 4631, 4633, 4636, 4637, 4639, 4640, 4642, 4645, 4648, 4649, 4651, 4654, 4655, 4657, 4660, 4663, 4664, 4667, 4668, 4671, 4672, 4675, 4677, 4679, 4680, 4682, 4684, 4685, 4686, 4691, 4692, 4695, 4697, 4698, 4700, 4701, 4702, 4703, 4704, 4707, 4709, 4714, 4715, 4717, 4718, 4719, 4720, 4721, 4724, 4727, 4730, 4731, 4735, 4737, 4738, 4740, 4744, 4745, 4746, 4747, 4748, 4750, 4751, 4752, 4753, 4754, 4757, 4758, 4759, 4760, 4762, 4763, 4764, 4766, 4767, 4769, 4772, 4774, 4777, 4788, 4797, 4809, 4810, 4811, 4813, 4814, 4815, 4816, 4817, 4818, 4821, 4824, 4825, 4828, 4829, 4830, 4831, 4832, 4833, 4834, 4835, 4836, 4839, 4841, 4842, 4848, 4849, 4850, 4852, 4853, 4854, 4856, 4857, 4858, 4860, 4861, 4863, 4864, 4867, 4868, 4869, 4870, 4872, 4894, 4895, 4896, 4897, 4898, 4900, 4901, 4902, 4904, 4905, 4906, 4908, 4909, 4910, 4917, 4920, 4928, 4941, 4943, 4944, 4946, 4948, 4953, 4963, 4964, 4965, 4968, 4969, 4970, 4972, 4973, 4974, 4975, 4976, 4977, 4979, 4980, 4981, 4982, 4983, 4984, 4985, 4986, 4987, 4988, 4990, 4991, 4993, 4994, 4995, 4996, 4997, 4998, 5000, 5001, 5002, 5003, 5004, 5005, 5006, 5008, 5009, 5011, 5016, 5027, 5033, 5034, 5035, 5036, 5038, 5040, 5043, 5049, 5050, 5051, 5077, 5084, 5085, 5086, 5089, 5090, 5091, 5094, 5095, 5098, 5099, 5101, 5104, 5105, 5106, 5107, 5110, 5111, 5118, 5120, 5121, 5126, 5130, 5139, 5140, 5141, 5142, 5143, 5144, 5145, 5149, 5155, 5157, 5158, 5159, 5160, 5161, 5162, 5164, 5165, 5167, 5168, 5170, 5172, 5173, 5174, 5175, 5176, 5179, 5180, 5181, 5182, 5183, 5187, 5188, 5190, 5191, 5194, 5196, 5203, 5205, 5206, 5208, 5209, 5210, 5211, 5212, 5214, 5216, 5217, 5218, 5220, 5221, 5223, 5228, 5230, 5236, 5238, 5242, 5244, 5245, 5247, 5248, 5249, 5250, 5251, 5252, 5255, 5257, 5258, 5259, 5261, 5262, 5263, 5264, 5266, 5267, 5268, 5270, 5272, 5273, 5274, 5275, 5276, 5279, 5282, 5283, 5284, 5286, 5289, 5291, 5292, 5294, 5295, 5296, 5297, 5299, 5300, 5304, 5305, 5306, 5308, 5317, 5319, 5327, 5338, 5339, 5340, 5343, 5346, 5349, 5352, 5355, 5358, 5361, 5362, 5363, 5366, 5367, 5368, 5371, 5374, 5375, 5376, 5379, 5382, 5402, 5408], "excluded_lines": []}, "app/repositories/subject.py": {"executed_lines": [1, 8, 9, 10, 11, 13, 14, 15, 16, 17, 18, 19, 20, 22, 25, 26, 28, 30, 31, 32, 34, 35, 45, 46, 48, 50, 51, 52, 53, 54, 55, 56, 57, 58, 59, 61, 62, 67, 68, 69, 70, 71, 73, 74, 75, 77, 98, 106, 109, 112, 113, 114, 118, 119, 120, 121, 122, 124, 125, 131, 132, 133, 134, 137, 139, 143, 151, 156, 157, 158, 186, 187, 188, 189, 190, 191, 192, 193, 194, 195, 197, 198, 199, 203, 212, 215, 216, 222, 223, 226, 227, 228, 234, 235, 239, 247, 248, 251, 254, 271, 276, 278, 279, 281, 282, 287, 289, 292, 293, 296, 297, 299, 300, 301, 302, 313, 340, 341, 360, 364, 365, 368, 370, 372, 373, 375, 377, 384, 414, 415, 417, 418, 419, 423, 462, 501, 502, 917, 927, 929, 931, 935, 974, 975, 978, 980, 981, 983, 984, 987, 988, 992, 993, 996, 998, 999, 1003, 1011, 1012, 1014, 1019, 1020, 1021, 1023, 1056, 1057, 1058, 1059, 1060, 1061, 1063, 1189, 1198, 1199, 1203, 1205, 1228, 1229, 1230, 1231, 1232, 1233, 1235, 1398, 1414, 1423, 1428, 1429, 1430, 1432, 1433, 1434, 1436, 1437, 1438, 1441, 1444, 1445, 1448, 1449, 1450, 1451, 1484, 1485, 1486, 1488, 1494, 1496, 1514, 1522, 1526, 1531, 1532, 1721, 1729, 1730, 1731, 1733, 1734, 1735, 1738, 1739, 1743, 1746, 1747, 1750, 1751, 1752, 1753, 1771, 1778, 1779, 1780, 1789, 1809, 1840, 2555, 2926, 3164, 3399, 4588, 4613, 4625, 4626, 4627, 4628, 4629, 4630, 4631, 4632, 4633, 4634, 4636, 4657, 4691, 4705, 4709, 4710, 4726, 4729, 4730, 4731, 4734, 4736, 4737, 4738, 4739, 4746, 4747, 4748, 4751, 4754, 4758, 4764, 4765, 4766, 4769, 4790, 4791, 4793, 4794, 4800, 4801, 4803, 4881], "summary": {"covered_lines": 283, "num_statements": 1508, "percent_covered": 18.76657824933687, "percent_covered_display": "18.77", "missing_lines": 1225, "excluded_lines": 0}, "missing_lines": [126, 127, 129, 145, 159, 160, 161, 163, 164, 165, 166, 167, 168, 176, 179, 180, 182, 201, 202, 210, 217, 218, 255, 256, 257, 258, 260, 261, 262, 265, 267, 268, 272, 273, 304, 305, 306, 314, 315, 316, 317, 319, 322, 326, 330, 331, 332, 334, 335, 336, 337, 338, 343, 345, 346, 347, 374, 376, 416, 424, 503, 505, 507, 510, 512, 513, 515, 516, 518, 519, 520, 522, 523, 525, 526, 528, 529, 530, 531, 533, 534, 535, 536, 538, 539, 541, 542, 544, 545, 546, 547, 548, 549, 550, 554, 556, 559, 560, 562, 563, 565, 566, 568, 569, 577, 578, 579, 581, 582, 583, 584, 589, 590, 592, 597, 598, 599, 600, 601, 602, 603, 604, 605, 606, 608, 754, 755, 759, 760, 762, 763, 764, 765, 767, 918, 919, 922, 932, 937, 939, 940, 942, 943, 945, 946, 949, 955, 957, 959, 960, 962, 966, 967, 968, 969, 970, 971, 972, 986, 994, 997, 1004, 1006, 1022, 1024, 1025, 1026, 1027, 1028, 1029, 1030, 1033, 1034, 1036, 1037, 1038, 1039, 1040, 1042, 1043, 1045, 1046, 1047, 1048, 1049, 1050, 1052, 1054, 1055, 1186, 1190, 1191, 1204, 1206, 1207, 1208, 1209, 1210, 1211, 1212, 1214, 1215, 1216, 1217, 1218, 1219, 1220, 1221, 1222, 1223, 1224, 1225, 1226, 1227, 1399, 1400, 1401, 1402, 1403, 1404, 1405, 1406, 1407, 1408, 1409, 1410, 1411, 1412, 1452, 1453, 1454, 1455, 1456, 1460, 1474, 1475, 1476, 1477, 1478, 1479, 1480, 1481, 1633, 1740, 1754, 1755, 1756, 1757, 1758, 1760, 1769, 1783, 1785, 1787, 1800, 1807, 1819, 1820, 1822, 1823, 1824, 1827, 1828, 1829, 1832, 1833, 1835, 1858, 1865, 1866, 1867, 1873, 1874, 1877, 1878, 1881, 1882, 1885, 1886, 1887, 1890, 1891, 1892, 1893, 1895, 1896, 1897, 1898, 1900, 1902, 1903, 1904, 1905, 1908, 1910, 1916, 1918, 1922, 1925, 1926, 1927, 1928, 1929, 1930, 1931, 1932, 1940, 1943, 1944, 1945, 1946, 1947, 1948, 1949, 1951, 1954, 1955, 1956, 1962, 1965, 1966, 1967, 1969, 1970, 1972, 1973, 1976, 1978, 1979, 1981, 1984, 1987, 1988, 1990, 1991, 2049, 2054, 2057, 2058, 2059, 2074, 2081, 2084, 2098, 2105, 2106, 2110, 2112, 2113, 2131, 2171, 2172, 2189, 2240, 2243, 2257, 2265, 2266, 2269, 2272, 2273, 2275, 2277, 2279, 2280, 2307, 2309, 2349, 2423, 2425, 2453, 2474, 2481, 2482, 2483, 2484, 2485, 2487, 2488, 2489, 2490, 2491, 2492, 2493, 2494, 2496, 2497, 2498, 2499, 2500, 2501, 2503, 2504, 2505, 2506, 2507, 2510, 2511, 2514, 2515, 2516, 2517, 2518, 2519, 2520, 2521, 2522, 2524, 2525, 2528, 2529, 2530, 2532, 2533, 2535, 2536, 2541, 2549, 2571, 2574, 2577, 2578, 2579, 2582, 2583, 2584, 2585, 2586, 2587, 2588, 2589, 2597, 2600, 2601, 2602, 2608, 2611, 2612, 2613, 2614, 2615, 2617, 2618, 2620, 2621, 2624, 2626, 2627, 2629, 2634, 2635, 2636, 2650, 2660, 2661, 2665, 2679, 2690, 2693, 2694, 2698, 2733, 2766, 2768, 2769, 2771, 2805, 2834, 2841, 2842, 2843, 2844, 2845, 2847, 2848, 2849, 2850, 2851, 2852, 2853, 2854, 2857, 2858, 2859, 2860, 2861, 2862, 2864, 2865, 2866, 2867, 2868, 2871, 2872, 2875, 2876, 2877, 2878, 2879, 2880, 2881, 2882, 2883, 2885, 2886, 2889, 2892, 2893, 2894, 2895, 2896, 2902, 2909, 2911, 2920, 2943, 2946, 2947, 2948, 2951, 2952, 2953, 2954, 2955, 2956, 2957, 2958, 2966, 2969, 2970, 2971, 2977, 2980, 2981, 2982, 2983, 2984, 2986, 2987, 2989, 2990, 2993, 2995, 2996, 2998, 3003, 3004, 3005, 3017, 3025, 3026, 3027, 3039, 3049, 3050, 3051, 3070, 3084, 3090, 3091, 3092, 3093, 3094, 3096, 3097, 3098, 3099, 3100, 3101, 3102, 3103, 3105, 3106, 3107, 3108, 3109, 3110, 3112, 3113, 3114, 3115, 3116, 3119, 3120, 3123, 3124, 3125, 3126, 3127, 3128, 3129, 3130, 3131, 3133, 3134, 3137, 3140, 3141, 3142, 3143, 3149, 3151, 3158, 3180, 3183, 3184, 3185, 3188, 3189, 3190, 3191, 3192, 3193, 3194, 3195, 3203, 3206, 3207, 3210, 3211, 3212, 3213, 3214, 3216, 3217, 3219, 3220, 3223, 3225, 3226, 3228, 3233, 3234, 3235, 3249, 3257, 3258, 3259, 3275, 3288, 3290, 3308, 3320, 3329, 3330, 3331, 3332, 3333, 3335, 3336, 3337, 3338, 3339, 3340, 3341, 3342, 3344, 3345, 3346, 3347, 3348, 3349, 3351, 3352, 3353, 3354, 3355, 3358, 3359, 3362, 3363, 3364, 3365, 3366, 3367, 3368, 3369, 3370, 3372, 3373, 3376, 3377, 3378, 3384, 3386, 3393, 3412, 3414, 3417, 3420, 3421, 3422, 3426, 3427, 3428, 3429, 3430, 3431, 3433, 3434, 3435, 3436, 3438, 3440, 3441, 3442, 3443, 3446, 3448, 3452, 3454, 3460, 3461, 3462, 3467, 3468, 3469, 3470, 3471, 3472, 3473, 3474, 3475, 3476, 3477, 3485, 3488, 3489, 3491, 3495, 3496, 3497, 3498, 3499, 3500, 3501, 3502, 3503, 3505, 3506, 3507, 3509, 3510, 3513, 3514, 3515, 3516, 3521, 3522, 3523, 3530, 3531, 3532, 3538, 3539, 3543, 3549, 3550, 3553, 3556, 3557, 3558, 3559, 3560, 3561, 3562, 3563, 3565, 3566, 3569, 3570, 3571, 3574, 3576, 3577, 3579, 3580, 3582, 3583, 3586, 3587, 3589, 3590, 3591, 3598, 3599, 3600, 3601, 3602, 3604, 3607, 3611, 3615, 3616, 3617, 3619, 3620, 3621, 3622, 3623, 3625, 3626, 3628, 3630, 3631, 3632, 3635, 3637, 3638, 3639, 3640, 3641, 3643, 3646, 3648, 3649, 3650, 3651, 3652, 3653, 3654, 3655, 3658, 3659, 3662, 3663, 3666, 3725, 3728, 3731, 3733, 3734, 3736, 3737, 3739, 3740, 3742, 3743, 3744, 3745, 3746, 3750, 3752, 3754, 3757, 3760, 3763, 3764, 3765, 3767, 3769, 3770, 3772, 3773, 3775, 3776, 3778, 3779, 3781, 3782, 3785, 3786, 3788, 3790, 3791, 3792, 3793, 3795, 3797, 3798, 3799, 3800, 3802, 3803, 3805, 3865, 3934, 3936, 3937, 3939, 3941, 3942, 3943, 3944, 3945, 3946, 3947, 3949, 4009, 4010, 4012, 4014, 4015, 4016, 4017, 4018, 4019, 4020, 4022, 4048, 4050, 4053, 4055, 4057, 4058, 4060, 4061, 4063, 4064, 4066, 4067, 4068, 4069, 4070, 4074, 4076, 4078, 4081, 4084, 4086, 4088, 4089, 4091, 4092, 4094, 4095, 4097, 4098, 4100, 4101, 4104, 4105, 4106, 4108, 4130, 4131, 4133, 4135, 4136, 4137, 4138, 4139, 4140, 4141, 4143, 4144, 4146, 4149, 4151, 4152, 4153, 4154, 4155, 4156, 4157, 4159, 4178, 4180, 4181, 4183, 4184, 4186, 4187, 4189, 4190, 4192, 4193, 4195, 4196, 4199, 4200, 4201, 4203, 4219, 4221, 4223, 4224, 4226, 4227, 4229, 4230, 4232, 4233, 4235, 4236, 4239, 4240, 4241, 4243, 4261, 4262, 4264, 4266, 4267, 4268, 4269, 4270, 4271, 4272, 4274, 4275, 4277, 4280, 4282, 4283, 4284, 4285, 4286, 4287, 4288, 4290, 4308, 4310, 4312, 4313, 4315, 4316, 4318, 4319, 4321, 4322, 4323, 4324, 4325, 4329, 4331, 4333, 4336, 4339, 4340, 4342, 4344, 4345, 4347, 4348, 4350, 4351, 4353, 4354, 4356, 4357, 4360, 4361, 4362, 4364, 4378, 4379, 4381, 4383, 4385, 4386, 4387, 4388, 4389, 4390, 4391, 4393, 4406, 4408, 4409, 4411, 4412, 4414, 4415, 4417, 4418, 4420, 4421, 4423, 4424, 4427, 4430, 4431, 4433, 4435, 4436, 4437, 4438, 4439, 4440, 4441, 4442, 4446, 4447, 4449, 4460, 4461, 4462, 4464, 4466, 4468, 4469, 4470, 4471, 4472, 4473, 4474, 4475, 4479, 4480, 4482, 4492, 4496, 4503, 4505, 4518, 4520, 4530, 4536, 4542, 4543, 4544, 4546, 4547, 4548, 4549, 4550, 4551, 4554, 4557, 4558, 4561, 4562, 4563, 4564, 4565, 4566, 4567, 4568, 4569, 4571, 4578, 4580, 4581, 4583, 4584, 4586, 4599, 4601, 4602, 4604, 4606, 4611, 4638, 4639, 4640, 4641, 4642, 4643, 4644, 4645, 4646, 4647, 4648, 4649, 4650, 4651, 4652, 4653, 4658, 4659, 4660, 4661, 4662, 4663, 4664, 4665, 4666, 4667, 4668, 4669, 4670, 4672, 4673, 4674, 4675, 4677, 4678, 4679, 4682, 4683, 4684, 4685, 4687, 4688, 4692, 4693, 4694, 4695, 4696, 4697, 4698, 4700, 4701, 4702, 4711, 4713, 4714, 4715, 4716, 4717, 4718, 4720, 4721, 4723, 4733, 4741, 4743, 4749, 4760, 4761, 4770, 4772, 4773, 4776, 4777, 4778, 4779, 4780, 4782, 4783, 4784, 4787, 4792, 4796], "excluded_lines": []}, "app/services/file.py": {"executed_lines": [1, 9, 10, 11, 12, 14, 15, 16, 17, 18, 19, 20, 21, 22, 24, 27, 28, 30, 38, 39, 40, 41, 43, 60, 68, 69, 70, 77, 78, 79, 81, 92, 94, 101, 103, 123, 131, 134, 136, 137, 139, 147, 149, 264, 326, 338, 342, 345, 348, 353, 354, 358, 361], "summary": {"covered_lines": 51, "num_statements": 119, "percent_covered": 42.857142857142854, "percent_covered_display": "42.86", "missing_lines": 68, "excluded_lines": 0}, "missing_lines": [167, 174, 175, 176, 177, 178, 179, 180, 183, 184, 185, 186, 187, 188, 189, 191, 192, 200, 201, 206, 209, 210, 211, 212, 213, 217, 218, 219, 225, 226, 227, 234, 240, 247, 248, 254, 262, 277, 280, 281, 282, 283, 284, 285, 286, 289, 290, 291, 293, 302, 303, 306, 307, 312, 313, 319, 324, 339, 343, 346, 349, 355, 359, 379, 380, 382, 383, 385], "excluded_lines": []}, "app/services/materialized_views.py": {"executed_lines": [1, 8, 9, 10, 12, 14, 17, 18, 20, 21, 23, 38, 39, 41, 54, 55, 57, 58, 61, 66, 73, 86, 87, 89, 102, 103, 105, 106, 109, 114, 121, 130, 134, 135, 138, 139, 142, 145, 150, 153, 164, 173, 175, 188, 193, 200, 208, 215, 218, 219, 222, 223, 225, 228, 233, 236, 247, 256, 257, 270, 275, 282, 290, 297, 299, 300, 301, 302, 303, 305, 306, 311, 313, 323, 328, 329, 331, 332, 333], "summary": {"covered_lines": 77, "num_statements": 80, "percent_covered": 96.25, "percent_covered_display": "96.25", "missing_lines": 3, "excluded_lines": 0}, "missing_lines": [307, 308, 309], "excluded_lines": []}, "app/services/sample.py": {"executed_lines": [1, 9, 10, 12, 13, 14, 15, 16, 17, 18, 19, 21, 24, 25, 27, 35, 36, 37, 39, 56, 64, 65, 66, 73, 76, 77, 78, 80, 91, 93, 100, 102, 122, 130, 133, 136, 138, 139, 141, 149, 151, 209, 282, 294, 297, 300, 304, 305, 308], "summary": {"covered_lines": 47, "num_statements": 96, "percent_covered": 48.958333333333336, "percent_covered_display": "48.96", "missing_lines": 49, "excluded_lines": 0}, "missing_lines": [166, 173, 174, 175, 176, 177, 178, 179, 182, 185, 192, 193, 199, 207, 222, 225, 226, 227, 228, 229, 230, 231, 234, 235, 236, 238, 247, 248, 251, 254, 255, 256, 257, 258, 260, 262, 267, 268, 274, 279, 295, 298, 301, 306, 326, 327, 329, 330, 332], "excluded_lines": []}, "app/services/subject.py": {"executed_lines": [1, 9, 10, 11, 13, 14, 15, 16, 17, 18, 19, 20, 22, 25, 26, 28, 36, 37, 38, 40, 58, 66, 67, 68, 75, 76, 78, 79, 80, 81, 82, 84, 97, 98, 100, 101, 106, 107, 114, 115, 118, 120, 127, 129, 150, 158, 161, 165, 166, 172, 174, 182, 184, 199, 206, 207, 208, 209, 210, 211, 212, 215, 216, 217, 219, 229, 232, 239, 240, 246, 254, 256, 269, 277, 278, 279, 280, 281, 282, 298, 299, 301, 302, 303, 304, 305, 342, 345, 346, 351, 352, 353, 359, 364, 366, 378, 379, 384, 388, 389, 393, 396, 415, 416, 424, 425, 427, 428, 430], "summary": {"covered_lines": 107, "num_statements": 131, "percent_covered": 81.6793893129771, "percent_covered_display": "81.68", "missing_lines": 24, "excluded_lines": 0}, "missing_lines": [283, 288, 289, 292, 293, 306, 308, 319, 320, 321, 323, 324, 329, 330, 337, 338, 341, 385, 390, 394, 417, 419, 420, 422], "excluded_lines": []}, "app/utils/cypher_builder.py": {"executed_lines": [1, 8, 11, 12, 21, 24, 38, 52, 68, 85, 90, 144, 182, 205, 240, 312, 362, 363, 370, 394, 399, 404, 471, 477, 489, 493, 500], "summary": {"covered_lines": 24, "num_statements": 187, "percent_covered": 12.834224598930481, "percent_covered_display": "12.83", "missing_lines": 163, "excluded_lines": 0}, "missing_lines": [22, 34, 35, 36, 48, 49, 50, 59, 60, 62, 63, 64, 66, 76, 77, 79, 80, 81, 83, 87, 116, 118, 119, 120, 122, 125, 126, 129, 130, 135, 136, 138, 139, 141, 163, 165, 166, 167, 168, 169, 170, 173, 174, 176, 177, 179, 199, 200, 201, 202, 219, 220, 222, 223, 226, 228, 230, 231, 232, 233, 234, 235, 237, 277, 278, 281, 282, 285, 286, 289, 291, 294, 297, 299, 300, 301, 303, 306, 307, 309, 349, 351, 353, 354, 355, 356, 358, 359, 386, 387, 388, 389, 390, 391, 392, 396, 397, 401, 402, 421, 422, 424, 426, 427, 430, 433, 434, 435, 436, 439, 440, 445, 446, 447, 450, 452, 453, 455, 456, 458, 461, 462, 463, 466, 467, 469, 473, 474, 475, 479, 480, 481, 482, 483, 484, 485, 486, 487, 491, 495, 496, 497, 514, 515, 517, 518, 521, 523, 524, 525, 526, 529, 531, 532, 534, 535, 536, 539, 540, 542, 544, 545, 547], "excluded_lines": []}}, "totals": {"covered_lines": 2722, "num_statements": 7642, "percent_covered": 35.61894791939283, "percent_covered_display": "35.62", "missing_lines": 4920, "excluded_lines": 6}}